<?xml version="1.0" encoding="UTF-8"?>
<!-- Generated by org.testng.reporters.JUnitReportReporter -->
<testsuite hostname="LPT-AmirHamza" failures="0" tests="2" name="Configurations.AnnoationsConfigurations" time="0.003" errors="0" timestamp="2022-08-14T20:24:28 PKT" skipped="0">
  <testcase classname="Configurations.AnnoationsConfigurations" name="searchProduct" time="0.000"/>
  <system-out/>
  <testcase classname="Configurations.AnnoationsConfigurations" name="searchCustomer" time="0.003"/>
  <system-out/>
</testsuite> <!-- Configurations.AnnoationsConfigurations -->
